/Users/jamesmynott_macbook/Library/Python/3.9/lib/python/site-packages/urllib3/__init__.py:35: NotOpenSSLWarning: urllib3 v2 only supports OpenSSL 1.1.1+, currently the 'ssl' module is compiled with 'LibreSSL 2.8.3'. See: https://github.com/urllib3/urllib3/issues/3020
  warnings.warn(
Sweep: 15 symbols, 10y, 800 paths, 8 configs
  fetching AAPL...
  fetching MSFT...
  fetching GOOGL...
  fetching NVDA...
  fetching AMZN...
  fetching SPY...
  fetching QQQ...
  fetching IWM...
  fetching XLF...
  fetching XLE...
  fetching XLV...
  fetching JPM...
  fetching JNJ...
  fetching PG...
  fetching TSLA...
  fetching ^VIX history...
  ^VIX: 2767 days, 2015-04-09 → 2026-04-09, min=9.1 max=82.7
  [AAPL] window 10/84
  [AAPL] window 20/84
  [AAPL] window 30/84
  [AAPL] window 40/84
  [AAPL] window 50/84
  [AAPL] window 60/84
  [AAPL] window 70/84
  [AAPL] window 80/84
  [MSFT] window 10/84
  [MSFT] window 20/84
  [MSFT] window 30/84
  [MSFT] window 40/84
  [MSFT] window 50/84
  [MSFT] window 60/84
  [MSFT] window 70/84
  [MSFT] window 80/84
  [GOOGL] window 10/84
  [GOOGL] window 20/84
  [GOOGL] window 30/84
  [GOOGL] window 40/84
  [GOOGL] window 50/84
  [GOOGL] window 60/84
  [GOOGL] window 70/84
  [GOOGL] window 80/84
  [NVDA] window 10/84
  [NVDA] window 20/84
  [NVDA] window 30/84
  [NVDA] window 40/84
  [NVDA] window 50/84
  [NVDA] window 60/84
  [NVDA] window 70/84
  [NVDA] window 80/84
  [AMZN] window 10/84
  [AMZN] window 20/84
  [AMZN] window 30/84
  [AMZN] window 40/84
  [AMZN] window 50/84
  [AMZN] window 60/84
  [AMZN] window 70/84
  [AMZN] window 80/84
  [SPY] window 10/84
  [SPY] window 20/84
  [SPY] window 30/84
  [SPY] window 40/84
  [SPY] window 50/84
  [SPY] window 60/84
  [SPY] window 70/84
  [SPY] window 80/84
  [QQQ] window 10/84
  [QQQ] window 20/84
  [QQQ] window 30/84
  [QQQ] window 40/84
  [QQQ] window 50/84
  [QQQ] window 60/84
  [QQQ] window 70/84
  [QQQ] window 80/84
  [IWM] window 10/84
  [IWM] window 20/84
  [IWM] window 30/84
  [IWM] window 40/84
  [IWM] window 50/84
  [IWM] window 60/84
  [IWM] window 70/84
  [IWM] window 80/84
  [XLF] window 10/84
  [XLF] window 20/84
  [XLF] window 30/84
  [XLF] window 40/84
  [XLF] window 50/84
  [XLF] window 60/84
  [XLF] window 70/84
  [XLF] window 80/84
  [XLE] window 10/84
  [XLE] window 20/84
  [XLE] window 30/84
  [XLE] window 40/84
  [XLE] window 50/84
  [XLE] window 60/84
  [XLE] window 70/84
  [XLE] window 80/84
  [XLV] window 10/84
  [XLV] window 20/84
  [XLV] window 30/84
  [XLV] window 40/84
  [XLV] window 50/84
  [XLV] window 60/84
  [XLV] window 70/84
  [XLV] window 80/84
  [JPM] window 10/84
  [JPM] window 20/84
  [JPM] window 30/84
  [JPM] window 40/84
  [JPM] window 50/84
  [JPM] window 60/84
  [JPM] window 70/84
  [JPM] window 80/84
  [JNJ] window 10/84
  [JNJ] window 20/84
  [JNJ] window 30/84
  [JNJ] window 40/84
  [JNJ] window 50/84
  [JNJ] window 60/84
  [JNJ] window 70/84
  [JNJ] window 80/84
  [PG] window 10/84
  [PG] window 20/84
  [PG] window 30/84
  [PG] window 40/84
  [PG] window 50/84
  [PG] window 60/84
  [PG] window 70/84
  [PG] window 80/84
  [TSLA] window 10/84
  [TSLA] window 20/84
  [TSLA] window 30/84
  [TSLA] window 40/84
  [TSLA] window 50/84
  [TSLA] window 60/84
  [TSLA] window 70/84
  [TSLA] window 80/84
  [30%-MC] 5040 forecasts in 12.0s
  [AAPL] window 10/84
  [AAPL] window 20/84
  [AAPL] window 30/84
  [AAPL] window 40/84
  [AAPL] window 50/84
  [AAPL] window 60/84
  [AAPL] window 70/84
  [AAPL] window 80/84
  [MSFT] window 10/84
  [MSFT] window 20/84
  [MSFT] window 30/84
  [MSFT] window 40/84
  [MSFT] window 50/84
  [MSFT] window 60/84
  [MSFT] window 70/84
  [MSFT] window 80/84
  [GOOGL] window 10/84
  [GOOGL] window 20/84
  [GOOGL] window 30/84
  [GOOGL] window 40/84
  [GOOGL] window 50/84
  [GOOGL] window 60/84
  [GOOGL] window 70/84
  [GOOGL] window 80/84
  [NVDA] window 10/84
  [NVDA] window 20/84
  [NVDA] window 30/84
  [NVDA] window 40/84
  [NVDA] window 50/84
  [NVDA] window 60/84
  [NVDA] window 70/84
  [NVDA] window 80/84
  [AMZN] window 10/84
  [AMZN] window 20/84
  [AMZN] window 30/84
  [AMZN] window 40/84
  [AMZN] window 50/84
  [AMZN] window 60/84
  [AMZN] window 70/84
  [AMZN] window 80/84
  [SPY] window 10/84
  [SPY] window 20/84
  [SPY] window 30/84
  [SPY] window 40/84
  [SPY] window 50/84
  [SPY] window 60/84
  [SPY] window 70/84
  [SPY] window 80/84
  [QQQ] window 10/84
  [QQQ] window 20/84
  [QQQ] window 30/84
  [QQQ] window 40/84
  [QQQ] window 50/84
  [QQQ] window 60/84
  [QQQ] window 70/84
  [QQQ] window 80/84
  [IWM] window 10/84
  [IWM] window 20/84
  [IWM] window 30/84
  [IWM] window 40/84
  [IWM] window 50/84
  [IWM] window 60/84
  [IWM] window 70/84
  [IWM] window 80/84
  [XLF] window 10/84
  [XLF] window 20/84
  [XLF] window 30/84
  [XLF] window 40/84
  [XLF] window 50/84
  [XLF] window 60/84
  [XLF] window 70/84
  [XLF] window 80/84
  [XLE] window 10/84
  [XLE] window 20/84
  [XLE] window 30/84
  [XLE] window 40/84
  [XLE] window 50/84
  [XLE] window 60/84
  [XLE] window 70/84
  [XLE] window 80/84
  [XLV] window 10/84
  [XLV] window 20/84
  [XLV] window 30/84
  [XLV] window 40/84
  [XLV] window 50/84
  [XLV] window 60/84
  [XLV] window 70/84
  [XLV] window 80/84
  [JPM] window 10/84
  [JPM] window 20/84
  [JPM] window 30/84
  [JPM] window 40/84
  [JPM] window 50/84
  [JPM] window 60/84
  [JPM] window 70/84
  [JPM] window 80/84
  [JNJ] window 10/84
  [JNJ] window 20/84
  [JNJ] window 30/84
  [JNJ] window 40/84
  [JNJ] window 50/84
  [JNJ] window 60/84
  [JNJ] window 70/84
  [JNJ] window 80/84
  [PG] window 10/84
  [PG] window 20/84
  [PG] window 30/84
  [PG] window 40/84
  [PG] window 50/84
  [PG] window 60/84
  [PG] window 70/84
  [PG] window 80/84
  [TSLA] window 10/84
  [TSLA] window 20/84
  [TSLA] window 30/84
  [TSLA] window 40/84
  [TSLA] window 50/84
  [TSLA] window 60/84
  [TSLA] window 70/84
  [TSLA] window 80/84
  [30%-MC + VIX] 5040 forecasts in 12.2s
  [AAPL] window 10/84
  [AAPL] window 20/84
  [AAPL] window 30/84
  [AAPL] window 40/84
  [AAPL] window 50/84
  [AAPL] window 60/84
  [AAPL] window 70/84
  [AAPL] window 80/84
  [MSFT] window 10/84
  [MSFT] window 20/84
  [MSFT] window 30/84
  [MSFT] window 40/84
  [MSFT] window 50/84
  [MSFT] window 60/84
  [MSFT] window 70/84
  [MSFT] window 80/84
  [GOOGL] window 10/84
  [GOOGL] window 20/84
  [GOOGL] window 30/84
  [GOOGL] window 40/84
  [GOOGL] window 50/84
  [GOOGL] window 60/84
  [GOOGL] window 70/84
  [GOOGL] window 80/84
  [NVDA] window 10/84
  [NVDA] window 20/84
  [NVDA] window 30/84
  [NVDA] window 40/84
  [NVDA] window 50/84
  [NVDA] window 60/84
  [NVDA] window 70/84
  [NVDA] window 80/84
  [AMZN] window 10/84
  [AMZN] window 20/84
  [AMZN] window 30/84
  [AMZN] window 40/84
  [AMZN] window 50/84
  [AMZN] window 60/84
  [AMZN] window 70/84
  [AMZN] window 80/84
  [SPY] window 10/84
  [SPY] window 20/84
  [SPY] window 30/84
  [SPY] window 40/84
  [SPY] window 50/84
  [SPY] window 60/84
  [SPY] window 70/84
  [SPY] window 80/84
  [QQQ] window 10/84
  [QQQ] window 20/84
  [QQQ] window 30/84
  [QQQ] window 40/84
  [QQQ] window 50/84
  [QQQ] window 60/84
  [QQQ] window 70/84
  [QQQ] window 80/84
  [IWM] window 10/84
  [IWM] window 20/84
  [IWM] window 30/84
  [IWM] window 40/84
  [IWM] window 50/84
  [IWM] window 60/84
  [IWM] window 70/84
  [IWM] window 80/84
  [XLF] window 10/84
  [XLF] window 20/84
  [XLF] window 30/84
  [XLF] window 40/84
  [XLF] window 50/84
  [XLF] window 60/84
  [XLF] window 70/84
  [XLF] window 80/84
  [XLE] window 10/84
  [XLE] window 20/84
  [XLE] window 30/84
  [XLE] window 40/84
  [XLE] window 50/84
  [XLE] window 60/84
  [XLE] window 70/84
  [XLE] window 80/84
  [XLV] window 10/84
  [XLV] window 20/84
  [XLV] window 30/84
  [XLV] window 40/84
  [XLV] window 50/84
  [XLV] window 60/84
  [XLV] window 70/84
  [XLV] window 80/84
  [JPM] window 10/84
  [JPM] window 20/84
  [JPM] window 30/84
  [JPM] window 40/84
  [JPM] window 50/84
  [JPM] window 60/84
  [JPM] window 70/84
  [JPM] window 80/84
  [JNJ] window 10/84
  [JNJ] window 20/84
  [JNJ] window 30/84
  [JNJ] window 40/84
  [JNJ] window 50/84
  [JNJ] window 60/84
  [JNJ] window 70/84
  [JNJ] window 80/84
  [PG] window 10/84
  [PG] window 20/84
  [PG] window 30/84
  [PG] window 40/84
  [PG] window 50/84
  [PG] window 60/84
  [PG] window 70/84
  [PG] window 80/84
  [TSLA] window 10/84
  [TSLA] window 20/84
  [TSLA] window 30/84
  [TSLA] window 40/84
  [TSLA] window 50/84
  [TSLA] window 60/84
  [TSLA] window 70/84
  [TSLA] window 80/84
  [50/50] 5040 forecasts in 14.0s
  [AAPL] window 10/84
  [AAPL] window 20/84
  [AAPL] window 30/84
  [AAPL] window 40/84
  [AAPL] window 50/84
  [AAPL] window 60/84
  [AAPL] window 70/84
  [AAPL] window 80/84
  [MSFT] window 10/84
  [MSFT] window 20/84
  [MSFT] window 30/84
  [MSFT] window 40/84
  [MSFT] window 50/84
  [MSFT] window 60/84
  [MSFT] window 70/84
  [MSFT] window 80/84
  [GOOGL] window 10/84
  [GOOGL] window 20/84
  [GOOGL] window 30/84
  [GOOGL] window 40/84
  [GOOGL] window 50/84
  [GOOGL] window 60/84
  [GOOGL] window 70/84
  [GOOGL] window 80/84
  [NVDA] window 10/84
  [NVDA] window 20/84
  [NVDA] window 30/84
  [NVDA] window 40/84
  [NVDA] window 50/84
  [NVDA] window 60/84
  [NVDA] window 70/84
  [NVDA] window 80/84
  [AMZN] window 10/84
  [AMZN] window 20/84
  [AMZN] window 30/84
  [AMZN] window 40/84
  [AMZN] window 50/84
  [AMZN] window 60/84
  [AMZN] window 70/84
  [AMZN] window 80/84
  [SPY] window 10/84
  [SPY] window 20/84
  [SPY] window 30/84
  [SPY] window 40/84
  [SPY] window 50/84
  [SPY] window 60/84
  [SPY] window 70/84
  [SPY] window 80/84
  [QQQ] window 10/84
  [QQQ] window 20/84
  [QQQ] window 30/84
  [QQQ] window 40/84
  [QQQ] window 50/84
  [QQQ] window 60/84
  [QQQ] window 70/84
  [QQQ] window 80/84
  [IWM] window 10/84
  [IWM] window 20/84
  [IWM] window 30/84
  [IWM] window 40/84
  [IWM] window 50/84
  [IWM] window 60/84
  [IWM] window 70/84
  [IWM] window 80/84
  [XLF] window 10/84
  [XLF] window 20/84
  [XLF] window 30/84
  [XLF] window 40/84
  [XLF] window 50/84
  [XLF] window 60/84
  [XLF] window 70/84
  [XLF] window 80/84
  [XLE] window 10/84
  [XLE] window 20/84
  [XLE] window 30/84
  [XLE] window 40/84
  [XLE] window 50/84
  [XLE] window 60/84
  [XLE] window 70/84
  [XLE] window 80/84
  [XLV] window 10/84
  [XLV] window 20/84
  [XLV] window 30/84
  [XLV] window 40/84
  [XLV] window 50/84
  [XLV] window 60/84
  [XLV] window 70/84
  [XLV] window 80/84
  [JPM] window 10/84
  [JPM] window 20/84
  [JPM] window 30/84
  [JPM] window 40/84
  [JPM] window 50/84
  [JPM] window 60/84
  [JPM] window 70/84
  [JPM] window 80/84
  [JNJ] window 10/84
  [JNJ] window 20/84
  [JNJ] window 30/84
  [JNJ] window 40/84
  [JNJ] window 50/84
  [JNJ] window 60/84
  [JNJ] window 70/84
  [JNJ] window 80/84
  [PG] window 10/84
  [PG] window 20/84
  [PG] window 30/84
  [PG] window 40/84
  [PG] window 50/84
  [PG] window 60/84
  [PG] window 70/84
  [PG] window 80/84
  [TSLA] window 10/84
  [TSLA] window 20/84
  [TSLA] window 30/84
  [TSLA] window 40/84
  [TSLA] window 50/84
  [TSLA] window 60/84
  [TSLA] window 70/84
  [TSLA] window 80/84
  [50/50 + VIX] 5040 forecasts in 14.1s
  [AAPL] window 10/84
  [AAPL] window 20/84
  [AAPL] window 30/84
  [AAPL] window 40/84
  [AAPL] window 50/84
  [AAPL] window 60/84
  [AAPL] window 70/84
  [AAPL] window 80/84
  [MSFT] window 10/84
  [MSFT] window 20/84
  [MSFT] window 30/84
  [MSFT] window 40/84
  [MSFT] window 50/84
  [MSFT] window 60/84
  [MSFT] window 70/84
  [MSFT] window 80/84
  [GOOGL] window 10/84
  [GOOGL] window 20/84
  [GOOGL] window 30/84
  [GOOGL] window 40/84
  [GOOGL] window 50/84
  [GOOGL] window 60/84
  [GOOGL] window 70/84
  [GOOGL] window 80/84
  [NVDA] window 10/84
  [NVDA] window 20/84
  [NVDA] window 30/84
  [NVDA] window 40/84
  [NVDA] window 50/84
  [NVDA] window 60/84
  [NVDA] window 70/84
  [NVDA] window 80/84
  [AMZN] window 10/84
  [AMZN] window 20/84
  [AMZN] window 30/84
  [AMZN] window 40/84
  [AMZN] window 50/84
  [AMZN] window 60/84
  [AMZN] window 70/84
  [AMZN] window 80/84
  [SPY] window 10/84
  [SPY] window 20/84
  [SPY] window 30/84
  [SPY] window 40/84
  [SPY] window 50/84
  [SPY] window 60/84
  [SPY] window 70/84
  [SPY] window 80/84
  [QQQ] window 10/84
  [QQQ] window 20/84
  [QQQ] window 30/84
  [QQQ] window 40/84
  [QQQ] window 50/84
  [QQQ] window 60/84
  [QQQ] window 70/84
  [QQQ] window 80/84
  [IWM] window 10/84
  [IWM] window 20/84
  [IWM] window 30/84
  [IWM] window 40/84
  [IWM] window 50/84
  [IWM] window 60/84
  [IWM] window 70/84
  [IWM] window 80/84
  [XLF] window 10/84
  [XLF] window 20/84
  [XLF] window 30/84
  [XLF] window 40/84
  [XLF] window 50/84
  [XLF] window 60/84
  [XLF] window 70/84
  [XLF] window 80/84
  [XLE] window 10/84
  [XLE] window 20/84
  [XLE] window 30/84
  [XLE] window 40/84
  [XLE] window 50/84
  [XLE] window 60/84
  [XLE] window 70/84
  [XLE] window 80/84
  [XLV] window 10/84
  [XLV] window 20/84
  [XLV] window 30/84
  [XLV] window 40/84
  [XLV] window 50/84
  [XLV] window 60/84
  [XLV] window 70/84
  [XLV] window 80/84
  [JPM] window 10/84
  [JPM] window 20/84
  [JPM] window 30/84
  [JPM] window 40/84
  [JPM] window 50/84
  [JPM] window 60/84
  [JPM] window 70/84
  [JPM] window 80/84
  [JNJ] window 10/84
  [JNJ] window 20/84
  [JNJ] window 30/84
  [JNJ] window 40/84
  [JNJ] window 50/84
  [JNJ] window 60/84
  [JNJ] window 70/84
  [JNJ] window 80/84
  [PG] window 10/84
  [PG] window 20/84
  [PG] window 30/84
  [PG] window 40/84
  [PG] window 50/84
  [PG] window 60/84
  [PG] window 70/84
  [PG] window 80/84
  [TSLA] window 10/84
  [TSLA] window 20/84
  [TSLA] window 30/84
  [TSLA] window 40/84
  [TSLA] window 50/84
  [TSLA] window 60/84
  [TSLA] window 70/84
  [TSLA] window 80/84
  [pure-MC] 5040 forecasts in 9.8s
  [AAPL] window 10/84
  [AAPL] window 20/84
  [AAPL] window 30/84
  [AAPL] window 40/84
  [AAPL] window 50/84
  [AAPL] window 60/84
  [AAPL] window 70/84
  [AAPL] window 80/84
  [MSFT] window 10/84
  [MSFT] window 20/84
  [MSFT] window 30/84
  [MSFT] window 40/84
  [MSFT] window 50/84
  [MSFT] window 60/84
  [MSFT] window 70/84
  [MSFT] window 80/84
  [GOOGL] window 10/84
  [GOOGL] window 20/84
  [GOOGL] window 30/84
  [GOOGL] window 40/84
  [GOOGL] window 50/84
  [GOOGL] window 60/84
  [GOOGL] window 70/84
  [GOOGL] window 80/84
  [NVDA] window 10/84
  [NVDA] window 20/84
  [NVDA] window 30/84
  [NVDA] window 40/84
  [NVDA] window 50/84
  [NVDA] window 60/84
  [NVDA] window 70/84
  [NVDA] window 80/84
  [AMZN] window 10/84
  [AMZN] window 20/84
  [AMZN] window 30/84
  [AMZN] window 40/84
  [AMZN] window 50/84
  [AMZN] window 60/84
  [AMZN] window 70/84
  [AMZN] window 80/84
  [SPY] window 10/84
  [SPY] window 20/84
  [SPY] window 30/84
  [SPY] window 40/84
  [SPY] window 50/84
  [SPY] window 60/84
  [SPY] window 70/84
  [SPY] window 80/84
  [QQQ] window 10/84
  [QQQ] window 20/84
  [QQQ] window 30/84
  [QQQ] window 40/84
  [QQQ] window 50/84
  [QQQ] window 60/84
  [QQQ] window 70/84
  [QQQ] window 80/84
  [IWM] window 10/84
  [IWM] window 20/84
  [IWM] window 30/84
  [IWM] window 40/84
  [IWM] window 50/84
  [IWM] window 60/84
  [IWM] window 70/84
  [IWM] window 80/84
  [XLF] window 10/84
  [XLF] window 20/84
  [XLF] window 30/84
  [XLF] window 40/84
  [XLF] window 50/84
  [XLF] window 60/84
  [XLF] window 70/84
  [XLF] window 80/84
  [XLE] window 10/84
  [XLE] window 20/84
  [XLE] window 30/84
  [XLE] window 40/84
  [XLE] window 50/84
  [XLE] window 60/84
  [XLE] window 70/84
  [XLE] window 80/84
  [XLV] window 10/84
  [XLV] window 20/84
  [XLV] window 30/84
  [XLV] window 40/84
  [XLV] window 50/84
  [XLV] window 60/84
  [XLV] window 70/84
  [XLV] window 80/84
  [JPM] window 10/84
  [JPM] window 20/84
  [JPM] window 30/84
  [JPM] window 40/84
  [JPM] window 50/84
  [JPM] window 60/84
  [JPM] window 70/84
  [JPM] window 80/84
  [JNJ] window 10/84
  [JNJ] window 20/84
  [JNJ] window 30/84
  [JNJ] window 40/84
  [JNJ] window 50/84
  [JNJ] window 60/84
  [JNJ] window 70/84
  [JNJ] window 80/84
  [PG] window 10/84
  [PG] window 20/84
  [PG] window 30/84
  [PG] window 40/84
  [PG] window 50/84
  [PG] window 60/84
  [PG] window 70/84
  [PG] window 80/84
  [TSLA] window 10/84
  [TSLA] window 20/84
  [TSLA] window 30/84
  [TSLA] window 40/84
  [TSLA] window 50/84
  [TSLA] window 60/84
  [TSLA] window 70/84
  [TSLA] window 80/84
  [pure-MC + VIX] 5040 forecasts in 9.9s
  [AAPL] window 10/84
  [AAPL] window 20/84
  [AAPL] window 30/84
  [AAPL] window 40/84
  [AAPL] window 50/84
  [AAPL] window 60/84
  [AAPL] window 70/84
  [AAPL] window 80/84
  [MSFT] window 10/84
  [MSFT] window 20/84
  [MSFT] window 30/84
  [MSFT] window 40/84
  [MSFT] window 50/84
  [MSFT] window 60/84
  [MSFT] window 70/84
  [MSFT] window 80/84
  [GOOGL] window 10/84
  [GOOGL] window 20/84
  [GOOGL] window 30/84
  [GOOGL] window 40/84
  [GOOGL] window 50/84
  [GOOGL] window 60/84
  [GOOGL] window 70/84
  [GOOGL] window 80/84
  [NVDA] window 10/84
  [NVDA] window 20/84
  [NVDA] window 30/84
  [NVDA] window 40/84
  [NVDA] window 50/84
  [NVDA] window 60/84
  [NVDA] window 70/84
  [NVDA] window 80/84
  [AMZN] window 10/84
  [AMZN] window 20/84
  [AMZN] window 30/84
  [AMZN] window 40/84
  [AMZN] window 50/84
  [AMZN] window 60/84
  [AMZN] window 70/84
  [AMZN] window 80/84
  [SPY] window 10/84
  [SPY] window 20/84
  [SPY] window 30/84
  [SPY] window 40/84
  [SPY] window 50/84
  [SPY] window 60/84
  [SPY] window 70/84
  [SPY] window 80/84
  [QQQ] window 10/84
  [QQQ] window 20/84
  [QQQ] window 30/84
  [QQQ] window 40/84
  [QQQ] window 50/84
  [QQQ] window 60/84
  [QQQ] window 70/84
  [QQQ] window 80/84
  [IWM] window 10/84
  [IWM] window 20/84
  [IWM] window 30/84
  [IWM] window 40/84
  [IWM] window 50/84
  [IWM] window 60/84
  [IWM] window 70/84
  [IWM] window 80/84
  [XLF] window 10/84
  [XLF] window 20/84
  [XLF] window 30/84
  [XLF] window 40/84
  [XLF] window 50/84
  [XLF] window 60/84
  [XLF] window 70/84
  [XLF] window 80/84
  [XLE] window 10/84
  [XLE] window 20/84
  [XLE] window 30/84
  [XLE] window 40/84
  [XLE] window 50/84
  [XLE] window 60/84
  [XLE] window 70/84
  [XLE] window 80/84
  [XLV] window 10/84
  [XLV] window 20/84
  [XLV] window 30/84
  [XLV] window 40/84
  [XLV] window 50/84
  [XLV] window 60/84
  [XLV] window 70/84
  [XLV] window 80/84
  [JPM] window 10/84
  [JPM] window 20/84
  [JPM] window 30/84
  [JPM] window 40/84
  [JPM] window 50/84
  [JPM] window 60/84
  [JPM] window 70/84
  [JPM] window 80/84
  [JNJ] window 10/84
  [JNJ] window 20/84
  [JNJ] window 30/84
  [JNJ] window 40/84
  [JNJ] window 50/84
  [JNJ] window 60/84
  [JNJ] window 70/84
  [JNJ] window 80/84
  [PG] window 10/84
  [PG] window 20/84
  [PG] window 30/84
  [PG] window 40/84
  [PG] window 50/84
  [PG] window 60/84
  [PG] window 70/84
  [PG] window 80/84
  [TSLA] window 10/84
  [TSLA] window 20/84
  [TSLA] window 30/84
  [TSLA] window 40/84
  [TSLA] window 50/84
  [TSLA] window 60/84
  [TSLA] window 70/84
  [TSLA] window 80/84
  [pure-MR] 5040 forecasts in 9.8s
  [AAPL] window 10/84
  [AAPL] window 20/84
  [AAPL] window 30/84
  [AAPL] window 40/84
  [AAPL] window 50/84
  [AAPL] window 60/84
  [AAPL] window 70/84
  [AAPL] window 80/84
  [MSFT] window 10/84
  [MSFT] window 20/84
  [MSFT] window 30/84
  [MSFT] window 40/84
  [MSFT] window 50/84
  [MSFT] window 60/84
  [MSFT] window 70/84
  [MSFT] window 80/84
  [GOOGL] window 10/84
  [GOOGL] window 20/84
  [GOOGL] window 30/84
  [GOOGL] window 40/84
  [GOOGL] window 50/84
  [GOOGL] window 60/84
  [GOOGL] window 70/84
  [GOOGL] window 80/84
  [NVDA] window 10/84
  [NVDA] window 20/84
  [NVDA] window 30/84
  [NVDA] window 40/84
  [NVDA] window 50/84
  [NVDA] window 60/84
  [NVDA] window 70/84
  [NVDA] window 80/84
  [AMZN] window 10/84
  [AMZN] window 20/84
  [AMZN] window 30/84
  [AMZN] window 40/84
  [AMZN] window 50/84
  [AMZN] window 60/84
  [AMZN] window 70/84
  [AMZN] window 80/84
  [SPY] window 10/84
  [SPY] window 20/84
  [SPY] window 30/84
  [SPY] window 40/84
  [SPY] window 50/84
  [SPY] window 60/84
  [SPY] window 70/84
  [SPY] window 80/84
  [QQQ] window 10/84
  [QQQ] window 20/84
  [QQQ] window 30/84
  [QQQ] window 40/84
  [QQQ] window 50/84
  [QQQ] window 60/84
  [QQQ] window 70/84
  [QQQ] window 80/84
  [IWM] window 10/84
  [IWM] window 20/84
  [IWM] window 30/84
  [IWM] window 40/84
  [IWM] window 50/84
  [IWM] window 60/84
  [IWM] window 70/84
  [IWM] window 80/84
  [XLF] window 10/84
  [XLF] window 20/84
  [XLF] window 30/84
  [XLF] window 40/84
  [XLF] window 50/84
  [XLF] window 60/84
  [XLF] window 70/84
  [XLF] window 80/84
  [XLE] window 10/84
  [XLE] window 20/84
  [XLE] window 30/84
  [XLE] window 40/84
  [XLE] window 50/84
  [XLE] window 60/84
  [XLE] window 70/84
  [XLE] window 80/84
  [XLV] window 10/84
  [XLV] window 20/84
  [XLV] window 30/84
  [XLV] window 40/84
  [XLV] window 50/84
  [XLV] window 60/84
  [XLV] window 70/84
  [XLV] window 80/84
  [JPM] window 10/84
  [JPM] window 20/84
  [JPM] window 30/84
  [JPM] window 40/84
  [JPM] window 50/84
  [JPM] window 60/84
  [JPM] window 70/84
  [JPM] window 80/84
  [JNJ] window 10/84
  [JNJ] window 20/84
  [JNJ] window 30/84
  [JNJ] window 40/84
  [JNJ] window 50/84
  [JNJ] window 60/84
  [JNJ] window 70/84
  [JNJ] window 80/84
  [PG] window 10/84
  [PG] window 20/84
  [PG] window 30/84
  [PG] window 40/84
  [PG] window 50/84
  [PG] window 60/84
  [PG] window 70/84
  [PG] window 80/84
  [TSLA] window 10/84
  [TSLA] window 20/84
  [TSLA] window 30/84
  [TSLA] window 40/84
  [TSLA] window 50/84
  [TSLA] window 60/84
  [TSLA] window 70/84
  [TSLA] window 80/84
  [pure-MR + VIX] 5040 forecasts in 9.9s

# S-Tool Projector — Hyperparameter Sweep (with VIX scaling)

Configs tested: 8  
Total rows in sweep summary: 32


## Horizon: 1mo

| Config | Blend (MC%) | VIX | 80% Cov | Bias % | MAE % | Naive MAE % | Skill | Dir Acc |
|---|---|---|---|---|---|---|---|---|
| 30%-MC | 30% | no | 83.0% | -0.49% | 6.11% | 6.10% | -0.002 | 52.4% |
| 50/50 | 50% | no | 83.7% | -0.36% | 6.12% | 6.10% | -0.003 | 53.3% |
| 30%-MC + VIX | 30% | yes | 83.3% | -0.50% | 6.12% | 6.10% | -0.003 | 51.9% |
| pure-MR + VIX | 0% | yes | 81.5% | -0.91% | 6.13% | 6.10% | -0.004 | 47.9% |
| pure-MR | 0% | no | 82.5% | -0.91% | 6.13% | 6.10% | -0.004 | 47.9% |
| 50/50 + VIX | 50% | yes | 83.6% | -0.37% | 6.13% | 6.10% | -0.005 | 52.8% |
| pure-MC | 100% | no | 82.6% | +0.17% | 6.27% | 6.10% | -0.027 | 53.6% |
| pure-MC + VIX | 100% | yes | 82.5% | +0.14% | 6.28% | 6.10% | -0.030 | 52.9% |

## Horizon: 3mo

| Config | Blend (MC%) | VIX | 80% Cov | Bias % | MAE % | Naive MAE % | Skill | Dir Acc |
|---|---|---|---|---|---|---|---|---|
| pure-MR | 0% | no | 79.2% | -3.00% | 10.97% | 10.88% | -0.008 | 43.5% |
| pure-MR + VIX | 0% | yes | 79.3% | -3.00% | 10.98% | 10.88% | -0.009 | 43.4% |
| 30%-MC | 30% | no | 81.3% | -1.72% | 11.05% | 10.88% | -0.015 | 50.6% |
| 30%-MC + VIX | 30% | yes | 81.3% | -1.75% | 11.07% | 10.88% | -0.017 | 50.4% |
| 50/50 | 50% | no | 81.5% | -1.28% | 11.15% | 10.88% | -0.025 | 50.8% |
| 50/50 + VIX | 50% | yes | 81.1% | -1.31% | 11.19% | 10.88% | -0.028 | 50.2% |
| pure-MC | 100% | no | 77.1% | +0.55% | 12.14% | 10.88% | -0.116 | 51.0% |
| pure-MC + VIX | 100% | yes | 77.2% | +0.49% | 12.23% | 10.88% | -0.124 | 50.6% |

## Horizon: 6mo

| Config | Blend (MC%) | VIX | 80% Cov | Bias % | MAE % | Naive MAE % | Skill | Dir Acc |
|---|---|---|---|---|---|---|---|---|
| pure-MR | 0% | no | 77.5% | -6.03% | 15.26% | 15.12% | -0.009 | 40.6% |
| pure-MR + VIX | 0% | yes | 77.1% | -6.02% | 15.27% | 15.12% | -0.009 | 40.8% |
| 30%-MC | 30% | no | 81.7% | -3.56% | 15.47% | 15.12% | -0.023 | 53.6% |
| 30%-MC + VIX | 30% | yes | 81.7% | -3.63% | 15.50% | 15.12% | -0.025 | 53.3% |
| 50/50 | 50% | no | 81.7% | -2.59% | 15.85% | 15.12% | -0.048 | 54.6% |
| 50/50 + VIX | 50% | yes | 82.0% | -2.65% | 15.91% | 15.12% | -0.052 | 54.1% |
| pure-MC | 100% | no | 74.9% | +1.58% | 18.71% | 15.12% | -0.237 | 55.1% |
| pure-MC + VIX | 100% | yes | 74.5% | +1.42% | 18.85% | 15.12% | -0.246 | 54.5% |

## Horizon: 1yr

| Config | Blend (MC%) | VIX | 80% Cov | Bias % | MAE % | Naive MAE % | Skill | Dir Acc |
|---|---|---|---|---|---|---|---|---|
| pure-MR | 0% | no | 71.2% | -12.38% | 22.16% | 22.10% | -0.002 | 51.9% |
| pure-MR + VIX | 0% | yes | 71.7% | -12.38% | 22.16% | 22.10% | -0.002 | 51.9% |
| 30%-MC | 30% | no | 78.7% | -7.78% | 22.53% | 22.10% | -0.019 | 58.9% |
| 30%-MC + VIX | 30% | yes | 79.0% | -7.89% | 22.61% | 22.10% | -0.023 | 57.9% |
| 50/50 | 50% | no | 77.8% | -5.41% | 23.68% | 22.10% | -0.071 | 58.0% |
| 50/50 + VIX | 50% | yes | 78.4% | -5.48% | 23.79% | 22.10% | -0.076 | 57.6% |
| pure-MC | 100% | no | 66.3% | +4.95% | 32.13% | 22.10% | -0.454 | 57.9% |
| pure-MC + VIX | 100% | yes | 66.0% | +4.71% | 32.27% | 22.10% | -0.460 | 57.6% |

## Head-to-head: VIX scaling impact

Δ(metric) = VIX-scaled minus baseline. Negative MAE Δ / positive coverage Δ / positive skill Δ = VIX helps.

| Horizon | Blend | Cov80 base → VIX (Δ) | MAE base → VIX (Δ) | Skill base → VIX (Δ) | Bias base → VIX |
|---|---|---|---|---|---|
| 1mo | 0% MC | 82.5% → 81.5% (-1.0) | 6.13% → 6.13% (-0.00) | -0.004 → -0.004 (+0.000) | -0.91% → -0.91% |
| 1mo | 30% MC | 83.0% → 83.3% (+0.3) | 6.11% → 6.12% (+0.01) | -0.002 → -0.003 (-0.001) | -0.49% → -0.50% |
| 1mo | 50% MC | 83.7% → 83.6% (-0.1) | 6.12% → 6.13% (+0.01) | -0.003 → -0.005 (-0.002) | -0.36% → -0.37% |
| 1mo | 100% MC | 82.6% → 82.5% (-0.2) | 6.27% → 6.28% (+0.02) | -0.027 → -0.030 (-0.003) | +0.17% → +0.14% |
| 3mo | 0% MC | 79.2% → 79.3% (+0.1) | 10.97% → 10.98% (+0.01) | -0.008 → -0.009 (-0.001) | -3.00% → -3.00% |
| 3mo | 30% MC | 81.3% → 81.3% (-0.1) | 11.05% → 11.07% (+0.02) | -0.015 → -0.017 (-0.002) | -1.72% → -1.75% |
| 3mo | 50% MC | 81.5% → 81.1% (-0.4) | 11.15% → 11.19% (+0.03) | -0.025 → -0.028 (-0.003) | -1.28% → -1.31% |
| 3mo | 100% MC | 77.1% → 77.2% (+0.2) | 12.14% → 12.23% (+0.09) | -0.116 → -0.124 (-0.008) | +0.55% → +0.49% |
| 6mo | 0% MC | 77.5% → 77.1% (-0.3) | 15.26% → 15.27% (+0.00) | -0.009 → -0.009 (-0.000) | -6.03% → -6.02% |
| 6mo | 30% MC | 81.7% → 81.7% (+0.0) | 15.47% → 15.50% (+0.03) | -0.023 → -0.025 (-0.002) | -3.56% → -3.63% |
| 6mo | 50% MC | 81.7% → 82.0% (+0.3) | 15.85% → 15.91% (+0.06) | -0.048 → -0.052 (-0.004) | -2.59% → -2.65% |
| 6mo | 100% MC | 74.9% → 74.5% (-0.4) | 18.71% → 18.85% (+0.14) | -0.237 → -0.246 (-0.009) | +1.58% → +1.42% |
| 1yr | 0% MC | 71.2% → 71.7% (+0.5) | 22.16% → 22.16% (+0.00) | -0.002 → -0.002 (-0.000) | -12.38% → -12.38% |
| 1yr | 30% MC | 78.7% → 79.0% (+0.4) | 22.53% → 22.61% (+0.08) | -0.019 → -0.023 (-0.004) | -7.78% → -7.89% |
| 1yr | 50% MC | 77.8% → 78.4% (+0.6) | 23.68% → 23.79% (+0.12) | -0.071 → -0.076 (-0.005) | -5.41% → -5.48% |
| 1yr | 100% MC | 66.3% → 66.0% (-0.3) | 32.13% → 32.27% (+0.13) | -0.454 → -0.460 (-0.006) | +4.95% → +4.71% |

## Best Config per Horizon (by skill score)

| Horizon | Best Config | Skill | MAE % | Bias % |
|---|---|---|---|---|
| 1mo | 30%-MC | -0.002 | 6.11% | -0.49% |
| 3mo | pure-MR | -0.008 | 10.97% | -3.00% |
| 6mo | pure-MR | -0.009 | 15.26% | -6.03% |
| 1yr | pure-MR | -0.002 | 22.16% | -12.38% |
